[*] Running ...
[*] Dataset loaded: E:\Coding\pythonProject\llm4contract\problems\online_contract_edgeAI\dataset\train_01.pkl with 3 instances.
â†’ Best principal utility: 0.0006193891649213826
Traceback (most recent call last):
  File "D:\Software\anaconda3\envs\llm4contract\lib\site-packages\scipy\optimize\_linprog_util.py", line 431, in _clean_inputs
    bounds_conv = np.atleast_2d(np.array(bounds, dtype=float))
TypeError: float() argument must be a string or a real number, not 'Bounds'

The above exception was the direct cause of the following exception:

Traceback (most recent call last):
  File "E:\Coding\pythonProject\llm4contract\problems\online_contract_edgeAI\eval.py", line 162, in <module>
    obj, _ = evaluate_llm((_p, _c, _v, _contract_logs))
  File "E:\Coding\pythonProject\llm4contract\problems\online_contract_edgeAI\eval.py", line 101, in evaluate_llm
    inferred_agent_setting = llm_agent_solver(v, content)
  File "E:\Coding\pythonProject\llm4contract\problems\online_contract_edgeAI\gpt.py", line 26, in agent_solver
    if len(all_p) == 0:
  File "E:\Coding\pythonProject\llm4contract\problems\online_contract_edgeAI\gpt.py", line 21, in solve_p
    constraints = [{'type': 'eq', 'fun': lambda x: np.sum(x) - 1},
  File "D:\Software\anaconda3\envs\llm4contract\lib\site-packages\scipy\optimize\_linprog.py", line 649, in linprog
    lp, solver_options = _parse_linprog(lp, options, meth)
  File "D:\Software\anaconda3\envs\llm4contract\lib\site-packages\scipy\optimize\_linprog_util.py", line 1026, in _parse_linprog
    lp = _clean_inputs(lp._replace(A_ub=A_ub, A_eq=A_eq))
  File "D:\Software\anaconda3\envs\llm4contract\lib\site-packages\scipy\optimize\_linprog_util.py", line 437, in _clean_inputs
    raise TypeError(
TypeError: Invalid input for linprog: unable to interpret bounds, check values and dimensions: float() argument must be a string or a real number, not 'Bounds'
